2022-08-03 13:16:20,318 -:- DEBUG -:- bot -:- Логгер инициализирован
2022-08-03 13:16:20,318 -:- DEBUG -:- bot.handlers.admin -:- Запуск регистрации хэндлеров (обработчиков)
2022-08-03 13:16:28,551 -:- INFO -:- bot.data.db -:- Функция проверки пользователя на наличие в БД
2022-08-03 13:16:28,552 -:- INFO -:- bot.data.db -:- Функция добавления пользователя в БД
2022-08-03 13:16:28,556 -:- INFO -:- bot.data.db -:- Функция выгрузки всех пользователей в БД
2022-08-03 13:16:41,702 -:- DEBUG -:- bot.handlers.admin -:- Проводится валидация администратора
2022-08-03 13:16:47,204 -:- DEBUG -:- bot.handlers.admin -:- Проверяем пользователей в БД
2022-08-03 13:16:47,205 -:- INFO -:- bot.data.db -:- Функция выгрузки всех пользователей в БД
2022-08-03 13:16:58,782 -:- DEBUG -:- bot.handlers.admin -:- Функция начала цепочки изменения баланса пользователя
2022-08-03 13:17:01,021 -:- DEBUG -:- bot.handlers.admin -:- Проверка валидности и наличие в БД
2022-08-03 13:17:01,021 -:- INFO -:- bot.handlers.admin -:- Не валидные данные! - d
2022-08-03 13:17:04,486 -:- DEBUG -:- bot.handlers.admin -:- Проверка валидности и наличие в БД
2022-08-03 13:17:04,486 -:- INFO -:- bot.data.db -:- Функция выгрузки всех пользователей в БД
2022-08-03 13:17:07,153 -:- DEBUG -:- bot.handlers.admin -:- Изменение количество денег в БД
2022-08-03 13:17:07,153 -:- INFO -:- bot.data.db -:- Функция обновления баланса пользователя
2022-08-03 13:17:08,566 -:- DEBUG -:- bot.handlers.admin -:- Проводится валидация администратора
2022-08-03 13:17:10,683 -:- DEBUG -:- bot.handlers.admin -:- Запуск блокирования пользователя
2022-08-03 13:17:13,092 -:- DEBUG -:- bot.handlers.admin -:- Проверяем наличие пользователя в БД
2022-08-03 13:17:13,093 -:- INFO -:- bot.data.db -:- Функция выгрузки всех пользователей в БД
2022-08-03 13:17:13,093 -:- INFO -:- bot.handlers.admin -:- Юзер с таким id 2 не найден!
2022-08-03 13:17:16,334 -:- DEBUG -:- bot.handlers.admin -:- Проверяем наличие пользователя в БД
2022-08-03 13:17:16,334 -:- INFO -:- bot.data.db -:- Функция выгрузки всех пользователей в БД
2022-08-03 13:17:16,335 -:- INFO -:- bot.handlers.admin -:- Юзер с таким id 3 не найден!
2022-08-03 13:17:19,269 -:- DEBUG -:- bot.handlers.admin -:- Проверяем наличие пользователя в БД
2022-08-03 13:17:19,269 -:- INFO -:- bot.data.db -:- Функция выгрузки всех пользователей в БД
2022-08-03 13:17:22,290 -:- DEBUG -:- bot.handlers.admin -:- Запуск блокировки или разблокировки пользователя
2022-08-03 13:17:22,290 -:- INFO -:- bot.data.db -:- Функция блокирования пользователя
2022-08-03 13:17:24,224 -:- DEBUG -:- bot.handlers.admin -:- Проводится валидация администратора
2022-08-03 13:34:08,149 -:- DEBUG -:- bot -:- Логгер инициализирован
2022-08-03 13:34:08,149 -:- DEBUG -:- bot.handlers.admin -:- Запуск регистрации admin хэндлеров (обработчиков)
2022-08-03 13:34:08,165 -:- DEBUG -:- bot.handlers.user -:- Запуск регистрации user хэндлеров (обработчиков)
2022-08-03 13:34:13,499 -:- DEBUG -:- bot.handlers.user -:- Проверка на блокировку пользователя
2022-08-03 13:34:13,499 -:- INFO -:- bot.data.db -:- Функция проверки пользователя на наличие в БД
2022-08-03 13:34:13,499 -:- INFO -:- bot.data.db -:- Функция добавления пользователя в БД
2022-08-03 13:34:13,503 -:- INFO -:- bot.data.db -:- Функция выгрузки всех пользователей в БД
2022-08-03 13:34:20,360 -:- DEBUG -:- bot.handlers.user -:- Запуск цепочки пополнения баланса
2022-08-03 13:34:24,550 -:- INFO -:- bot.handlers.user -:- Пользователь 351490585 отменил пополнения баланса!
2022-08-03 13:34:29,901 -:- DEBUG -:- bot.handlers.user -:- Проверка на блокировку пользователя
2022-08-03 13:34:29,901 -:- INFO -:- bot.data.db -:- Функция проверки пользователя на наличие в БД
2022-08-03 13:34:29,902 -:- INFO -:- bot.data.db -:- Функция выгрузки всех пользователей в БД
2022-08-03 13:34:31,069 -:- DEBUG -:- bot.handlers.user -:- Запуск цепочки пополнения баланса
2022-08-03 13:34:33,095 -:- DEBUG -:- bot.handlers.user -:- Проверка на валидацию, и выставление счёта на оплату
2022-08-03 13:34:33,095 -:- INFO -:- bot.handlers.user -:- Не валидные данные! - р
2022-08-03 13:34:38,276 -:- DEBUG -:- bot.handlers.user -:- Проверка на валидацию, и выставление счёта на оплату
2022-08-03 13:34:38,277 -:- INFO -:- bot.handlers.user -:- Не валидные данные! - аре76
2022-08-03 13:34:42,476 -:- DEBUG -:- bot.handlers.user -:- Проверка на валидацию, и выставление счёта на оплату
2022-08-03 13:34:43,010 -:- INFO -:- bot.data.db -:- Функция добавления платежа в БД
2022-08-03 13:34:53,260 -:- DEBUG -:- bot.handlers.user -:- Запуск функции проверки оплаты
2022-08-03 13:34:53,260 -:- INFO -:- bot.data.db -:- Функция проверки платежа в БД
2022-08-03 13:34:53,636 -:- WARNING -:- bot.handlers.user -:- У пользователя 351490585 Vasiliy платёж не прошел!
2022-08-03 13:35:13,018 -:- INFO -:- bot.handlers.user -:- Пользователь 351490585 отменил пополнения баланса!
2022-08-03 13:41:47,133 -:- DEBUG -:- bot -:- Логгер инициализирован
2022-08-03 13:41:47,133 -:- DEBUG -:- bot.handlers.admin -:- Запуск регистрации admin хэндлеров (обработчиков)
2022-08-03 13:41:47,133 -:- DEBUG -:- bot.handlers.user -:- Запуск регистрации user хэндлеров (обработчиков)
2022-08-03 13:41:50,978 -:- DEBUG -:- bot.handlers.user -:- Проверка на блокировку пользователя
2022-08-03 13:41:50,979 -:- INFO -:- bot.data.db -:- Функция проверки пользователя на наличие в БД
2022-08-03 13:41:50,979 -:- INFO -:- bot.data.db -:- Функция добавления пользователя в БД
2022-08-03 13:41:50,985 -:- INFO -:- bot.data.db -:- Функция выгрузки всех пользователей в БД
2022-08-03 13:41:55,336 -:- DEBUG -:- bot.handlers.user -:- Запуск цепочки пополнения баланса
2022-08-03 13:41:57,443 -:- INFO -:- bot.handlers.user -:- Пользователь 351490585 отменил пополнения баланса!
2022-08-03 13:41:58,936 -:- DEBUG -:- bot.handlers.user -:- Проверка на блокировку пользователя
2022-08-03 13:41:58,936 -:- INFO -:- bot.data.db -:- Функция проверки пользователя на наличие в БД
2022-08-03 13:41:58,936 -:- INFO -:- bot.data.db -:- Функция выгрузки всех пользователей в БД
2022-08-03 13:42:00,251 -:- DEBUG -:- bot.handlers.user -:- Запуск цепочки пополнения баланса
2022-08-03 13:42:02,300 -:- DEBUG -:- bot.handlers.user -:- Проверка на валидацию, и выставление счёта на оплату
2022-08-03 13:42:02,799 -:- INFO -:- bot.data.db -:- Функция добавления платежа в БД
2022-08-03 13:42:04,341 -:- DEBUG -:- bot.handlers.user -:- Запуск функции проверки оплаты
2022-08-03 13:42:04,341 -:- INFO -:- bot.data.db -:- Функция проверки платежа в БД
2022-08-03 13:42:04,462 -:- WARNING -:- bot.handlers.user -:- У пользователя 351490585 Vasiliy платёж не прошел!
2022-08-03 13:43:07,604 -:- DEBUG -:- bot -:- Логгер инициализирован
2022-08-03 13:43:07,604 -:- DEBUG -:- bot.handlers.admin -:- Запуск регистрации admin хэндлеров (обработчиков)
2022-08-03 13:43:07,604 -:- DEBUG -:- bot.handlers.user -:- Запуск регистрации user хэндлеров (обработчиков)
2022-08-03 13:43:11,010 -:- DEBUG -:- bot.handlers.user -:- Проверка на блокировку пользователя
2022-08-03 13:43:11,010 -:- INFO -:- bot.data.db -:- Функция проверки пользователя на наличие в БД
2022-08-03 13:43:11,010 -:- INFO -:- bot.data.db -:- Функция добавления пользователя в БД
2022-08-03 13:43:11,014 -:- INFO -:- bot.data.db -:- Функция выгрузки всех пользователей в БД
2022-08-03 13:43:12,333 -:- DEBUG -:- bot.handlers.user -:- Запуск цепочки пополнения баланса
2022-08-03 13:43:13,867 -:- INFO -:- bot.handlers.user -:- Пользователь 351490585 отменил пополнения баланса!
2022-08-03 13:43:15,253 -:- DEBUG -:- bot.handlers.user -:- Проверка на блокировку пользователя
2022-08-03 13:43:15,253 -:- INFO -:- bot.data.db -:- Функция проверки пользователя на наличие в БД
2022-08-03 13:43:15,254 -:- INFO -:- bot.data.db -:- Функция выгрузки всех пользователей в БД
2022-08-03 13:43:16,576 -:- DEBUG -:- bot.handlers.user -:- Запуск цепочки пополнения баланса
2022-08-03 13:43:17,949 -:- DEBUG -:- bot.handlers.user -:- Проверка на валидацию, и выставление счёта на оплату
2022-08-03 13:43:17,949 -:- INFO -:- bot.handlers.user -:- Не валидные данные! - fd
2022-08-03 13:43:20,022 -:- DEBUG -:- bot.handlers.user -:- Проверка на валидацию, и выставление счёта на оплату
2022-08-03 13:43:20,462 -:- INFO -:- bot.data.db -:- Функция добавления платежа в БД
2022-08-03 13:43:21,994 -:- DEBUG -:- bot.handlers.user -:- Запуск функции проверки оплаты
2022-08-03 13:43:21,994 -:- INFO -:- bot.data.db -:- Функция проверки платежа в БД
2022-08-03 13:43:22,119 -:- WARNING -:- bot.handlers.user -:- У пользователя 351490585 Vasiliy платёж не прошел!
2022-08-03 13:44:21,729 -:- DEBUG -:- bot -:- Логгер инициализирован
2022-08-03 13:44:21,729 -:- DEBUG -:- bot.handlers.admin -:- Запуск регистрации admin хэндлеров (обработчиков)
2022-08-03 13:44:21,729 -:- DEBUG -:- bot.handlers.user -:- Запуск регистрации user хэндлеров (обработчиков)
2022-08-03 13:44:24,357 -:- DEBUG -:- bot.handlers.user -:- Проверка на блокировку пользователя
2022-08-03 13:44:24,357 -:- INFO -:- bot.data.db -:- Функция проверки пользователя на наличие в БД
2022-08-03 13:44:24,358 -:- INFO -:- bot.data.db -:- Функция добавления пользователя в БД
2022-08-03 13:44:24,366 -:- INFO -:- bot.data.db -:- Функция выгрузки всех пользователей в БД
2022-08-03 13:44:25,839 -:- DEBUG -:- bot.handlers.user -:- Запуск цепочки пополнения баланса
2022-08-03 13:44:28,961 -:- ERROR -:- bot.handlers.user -:- Пользователь 351490585 отменил пополнения баланса!
2022-08-03 13:44:40,917 -:- DEBUG -:- bot.handlers.user -:- Проверка на блокировку пользователя
2022-08-03 13:44:40,918 -:- INFO -:- bot.data.db -:- Функция проверки пользователя на наличие в БД
2022-08-03 13:44:40,918 -:- INFO -:- bot.data.db -:- Функция выгрузки всех пользователей в БД
2022-08-03 13:44:41,920 -:- DEBUG -:- bot.handlers.user -:- Запуск цепочки пополнения баланса
2022-08-03 13:44:45,037 -:- DEBUG -:- bot.handlers.user -:- Проверка на валидацию, и выставление счёта на оплату
2022-08-03 13:44:45,453 -:- INFO -:- bot.data.db -:- Функция добавления платежа в БД
2022-08-03 13:44:47,259 -:- DEBUG -:- bot.handlers.user -:- Запуск функции проверки оплаты
2022-08-03 13:44:47,259 -:- INFO -:- bot.data.db -:- Функция проверки платежа в БД
2022-08-03 13:44:47,377 -:- WARNING -:- bot.handlers.user -:- У пользователя 351490585 Vasiliy платёж не прошел!
2022-08-03 13:44:54,853 -:- ERROR -:- bot.handlers.user -:- Пользователь 351490585 отменил пополнения баланса!
2022-08-04 13:57:55,450 -:- DEBUG -:- bot -:- Логгер инициализирован
2022-08-04 13:57:55,451 -:- DEBUG -:- bot.handlers.admin -:- Запуск регистрации admin хэндлеров (обработчиков)
2022-08-04 13:57:55,452 -:- DEBUG -:- bot.handlers.user -:- Запуск регистрации user хэндлеров (обработчиков)
2022-08-04 13:57:56,032 -:- DEBUG -:- bot.handlers.user -:- Проверка на блокировку пользователя
2022-08-04 13:57:56,033 -:- INFO -:- bot.data.db -:- Функция проверки пользователя на наличие в БД
2022-08-04 13:57:56,064 -:- INFO -:- bot.data.db -:- Функция добавления пользователя в БД
2022-08-04 13:57:56,089 -:- INFO -:- bot.data.db -:- Функция выгрузки всех пользователей в БД
2022-08-04 13:58:01,627 -:- DEBUG -:- bot.handlers.admin -:- Проводится валидация администратора
2022-08-04 13:58:02,899 -:- DEBUG -:- bot.handlers.admin -:- Проверяем пользователей в БД
2022-08-04 13:58:02,899 -:- INFO -:- bot.data.db -:- Функция выгрузки всех пользователей в БД
2022-08-04 13:58:09,524 -:- DEBUG -:- bot.handlers.user -:- Проверка на блокировку пользователя
2022-08-04 13:58:09,525 -:- INFO -:- bot.data.db -:- Функция проверки пользователя на наличие в БД
2022-08-04 13:58:09,525 -:- INFO -:- bot.data.db -:- Функция выгрузки всех пользователей в БД
2022-08-04 13:58:11,992 -:- DEBUG -:- bot.handlers.user -:- Запуск цепочки пополнения баланса
2022-08-04 13:58:22,678 -:- DEBUG -:- bot.handlers.user -:- Проверка на валидацию, и выставление счёта на оплату
2022-08-04 13:58:23,501 -:- INFO -:- bot.data.db -:- Функция добавления платежа в БД
2022-08-04 14:03:23,542 -:- DEBUG -:- bot.handlers.user -:- Запуск функции проверки оплаты
2022-08-04 14:03:23,542 -:- INFO -:- bot.data.db -:- Функция проверки платежа в БД
2022-08-04 14:03:23,911 -:- WARNING -:- bot.handlers.user -:- У пользователя 351490585 Vasiliy платёж не прошел!
2022-08-04 14:06:59,277 -:- DEBUG -:- bot.handlers.user -:- Проверка на блокировку пользователя
2022-08-04 14:06:59,277 -:- INFO -:- bot.data.db -:- Функция проверки пользователя на наличие в БД
2022-08-04 14:06:59,278 -:- INFO -:- bot.data.db -:- Функция добавления пользователя в БД
2022-08-04 14:06:59,278 -:- INFO -:- bot.data.db -:- Функция выгрузки всех пользователей в БД
2022-08-04 14:25:42,238 -:- INFO -:- bot.handlers.user -:- Пользователь 351490585 отменил пополнения баланса!
2022-08-04 14:25:44,272 -:- DEBUG -:- bot.handlers.user -:- Проверка на блокировку пользователя
2022-08-04 14:25:44,272 -:- INFO -:- bot.data.db -:- Функция проверки пользователя на наличие в БД
2022-08-04 14:25:44,272 -:- INFO -:- bot.data.db -:- Функция выгрузки всех пользователей в БД
2022-08-04 14:25:46,651 -:- DEBUG -:- bot.handlers.admin -:- Проводится валидация администратора
2022-08-04 14:25:48,082 -:- DEBUG -:- bot.handlers.admin -:- Проверяем пользователей в БД
2022-08-04 14:25:48,082 -:- INFO -:- bot.data.db -:- Функция выгрузки всех пользователей в БД
2022-08-04 14:50:35,480 -:- DEBUG -:- bot -:- Логгер инициализирован
2022-08-04 14:50:35,480 -:- DEBUG -:- bot.handlers.admin -:- Запуск регистрации admin хэндлеров (обработчиков)
2022-08-04 14:50:35,482 -:- DEBUG -:- bot.handlers.user -:- Запуск регистрации user хэндлеров (обработчиков)
2022-08-04 14:50:41,253 -:- DEBUG -:- bot.handlers.user -:- Проверка на блокировку пользователя
2022-08-04 14:50:41,253 -:- INFO -:- bot.data.db -:- Функция проверки пользователя на наличие в БД
2022-08-04 14:50:41,254 -:- INFO -:- bot.data.db -:- Функция добавления пользователя в БД
2022-08-04 14:50:41,272 -:- INFO -:- bot.data.db -:- Функция выгрузки всех пользователей в БД
2022-08-04 14:50:43,856 -:- DEBUG -:- bot.handlers.admin -:- Проводится валидация администратора
2022-08-04 14:50:45,185 -:- DEBUG -:- bot.handlers.admin -:- Проверяем пользователей в БД
2022-08-04 14:50:45,185 -:- INFO -:- bot.data.db -:- Функция выгрузки всех пользователей в БД
2022-08-04 14:50:48,430 -:- DEBUG -:- bot.handlers.user -:- Проверка на блокировку пользователя
2022-08-04 14:50:48,431 -:- INFO -:- bot.data.db -:- Функция проверки пользователя на наличие в БД
2022-08-04 14:50:48,431 -:- INFO -:- bot.data.db -:- Функция выгрузки всех пользователей в БД
2022-08-04 14:54:46,298 -:- DEBUG -:- bot -:- Логгер инициализирован
2022-08-04 14:54:46,298 -:- DEBUG -:- bot.handlers.admin -:- Запуск регистрации admin хэндлеров (обработчиков)
2022-08-04 14:54:46,300 -:- DEBUG -:- bot.handlers.user -:- Запуск регистрации user хэндлеров (обработчиков)
2022-08-04 14:54:49,075 -:- DEBUG -:- bot.handlers.user -:- Проверка на блокировку пользователя
2022-08-04 14:54:49,075 -:- INFO -:- bot.data.db -:- Функция проверки пользователя на наличие в БД
2022-08-04 14:54:49,076 -:- INFO -:- bot.data.db -:- Функция добавления пользователя в БД
2022-08-04 14:54:49,082 -:- INFO -:- bot.data.db -:- Функция выгрузки всех пользователей в БД
2022-08-04 14:54:50,932 -:- DEBUG -:- bot.handlers.admin -:- Проводится валидация администратора
2022-08-04 14:54:52,512 -:- DEBUG -:- bot.handlers.admin -:- Проверяем пользователей в БД
2022-08-04 14:54:52,512 -:- INFO -:- bot.data.db -:- Функция выгрузки всех пользователей в БД
2022-08-04 14:54:55,086 -:- DEBUG -:- bot.handlers.admin -:- Функция начала цепочки изменения баланса пользователя
2022-08-04 14:54:56,405 -:- DEBUG -:- bot.handlers.admin -:- Проверка валидности и наличие в БД
2022-08-04 14:54:56,405 -:- INFO -:- bot.data.db -:- Функция выгрузки всех пользователей в БД
2022-08-04 14:55:00,123 -:- DEBUG -:- bot.handlers.admin -:- Изменение количество денег в БД
2022-08-04 14:55:00,124 -:- INFO -:- bot.handlers.admin -:- Не валидные данные! - f
2022-08-04 14:55:02,982 -:- DEBUG -:- bot.handlers.admin -:- Изменение количество денег в БД
2022-08-04 14:55:02,982 -:- INFO -:- bot.handlers.admin -:- Не валидные данные! - -1
2022-08-04 14:55:05,528 -:- DEBUG -:- bot.handlers.admin -:- Изменение количество денег в БД
2022-08-04 14:55:05,529 -:- INFO -:- bot.data.db -:- Функция обновления баланса пользователя
2022-08-04 14:55:08,567 -:- DEBUG -:- bot.handlers.admin -:- Проводится валидация администратора
2022-08-04 14:55:10,183 -:- DEBUG -:- bot.handlers.admin -:- Проверяем пользователей в БД
2022-08-04 14:55:10,183 -:- INFO -:- bot.data.db -:- Функция выгрузки всех пользователей в БД
2022-08-04 15:03:08,908 -:- DEBUG -:- bot -:- Логгер инициализирован
2022-08-04 15:03:08,908 -:- DEBUG -:- bot.handlers.admin -:- Запуск регистрации admin хэндлеров (обработчиков)
2022-08-04 15:03:08,910 -:- DEBUG -:- bot.handlers.user -:- Запуск регистрации user хэндлеров (обработчиков)
2022-08-04 15:03:11,511 -:- DEBUG -:- bot.handlers.user -:- Проверка на блокировку пользователя
2022-08-04 15:03:11,511 -:- INFO -:- bot.data.db -:- Функция проверки пользователя на наличие в БД
2022-08-04 15:03:11,512 -:- INFO -:- bot.data.db -:- Функция добавления пользователя в БД
2022-08-04 15:03:11,518 -:- INFO -:- bot.data.db -:- Функция выгрузки всех пользователей в БД
2022-08-04 15:03:12,673 -:- DEBUG -:- bot.handlers.user -:- Запуск цепочки пополнения баланса
2022-08-04 15:03:14,756 -:- DEBUG -:- bot.handlers.user -:- Проверка на валидацию, и выставление счёта на оплату
2022-08-04 15:03:15,481 -:- INFO -:- bot.data.db -:- Функция добавления платежа в БД
2022-08-04 15:03:16,931 -:- DEBUG -:- bot.handlers.user -:- Запуск функции проверки оплаты
2022-08-04 15:03:16,931 -:- INFO -:- bot.data.db -:- Функция проверки платежа в БД
2022-08-04 15:03:17,062 -:- WARNING -:- bot.handlers.user -:- У пользователя 351490585 Vasiliy платёж не прошел!
2022-08-04 15:03:22,532 -:- INFO -:- bot.handlers.user -:- Пользователь 351490585 отменил пополнения баланса!
2022-08-04 15:03:23,745 -:- DEBUG -:- bot.handlers.user -:- Проверка на блокировку пользователя
2022-08-04 15:03:23,745 -:- INFO -:- bot.data.db -:- Функция проверки пользователя на наличие в БД
2022-08-04 15:03:23,746 -:- INFO -:- bot.data.db -:- Функция выгрузки всех пользователей в БД
2022-08-04 15:03:25,698 -:- DEBUG -:- bot.handlers.admin -:- Проводится валидация администратора
2022-08-04 15:03:28,689 -:- DEBUG -:- bot.handlers.admin -:- Проверяем пользователей в БД
2022-08-04 15:03:28,690 -:- INFO -:- bot.data.db -:- Функция выгрузки всех пользователей в БД
2022-08-04 15:03:32,030 -:- DEBUG -:- bot.handlers.admin -:- Администратор запросил выгрузку логов
2022-08-04 15:03:35,883 -:- DEBUG -:- bot.handlers.admin -:- Проводится валидация администратора
2022-08-04 15:03:37,108 -:- DEBUG -:- bot.handlers.admin -:- Функция начала цепочки изменения баланса пользователя
2022-08-04 15:03:39,670 -:- DEBUG -:- bot.handlers.admin -:- Проверка валидности и наличие в БД
2022-08-04 15:03:39,670 -:- INFO -:- bot.data.db -:- Функция выгрузки всех пользователей в БД
2022-08-04 15:03:41,250 -:- DEBUG -:- bot.handlers.admin -:- Изменение количество денег в БД
2022-08-04 15:03:41,250 -:- INFO -:- bot.data.db -:- Функция обновления баланса пользователя
2022-08-04 15:03:43,109 -:- DEBUG -:- bot.handlers.admin -:- Проводится валидация администратора
2022-08-04 15:03:46,377 -:- DEBUG -:- bot.handlers.admin -:- Проверяем пользователей в БД
2022-08-04 15:03:46,377 -:- INFO -:- bot.data.db -:- Функция выгрузки всех пользователей в БД
2022-08-04 15:03:48,683 -:- DEBUG -:- bot.handlers.admin -:- Проводится валидация администратора
2022-08-04 15:03:49,852 -:- DEBUG -:- bot.handlers.admin -:- Запуск блокирования пользователя
2022-08-04 15:03:51,088 -:- DEBUG -:- bot.handlers.admin -:- Проверяем наличие пользователя в БД
2022-08-04 15:03:51,088 -:- INFO -:- bot.data.db -:- Функция выгрузки всех пользователей в БД
2022-08-04 15:03:55,739 -:- DEBUG -:- bot.handlers.admin -:- Запуск блокировки или разблокировки пользователя
2022-08-04 15:03:55,739 -:- INFO -:- bot.data.db -:- Функция блокирования пользователя
2022-08-04 15:03:57,675 -:- DEBUG -:- bot.handlers.admin -:- Проводится валидация администратора
2022-08-04 15:03:59,381 -:- DEBUG -:- bot.handlers.admin -:- Запуск блокирования пользователя
2022-08-04 15:04:01,073 -:- DEBUG -:- bot.handlers.admin -:- Проверяем наличие пользователя в БД
2022-08-04 15:04:01,073 -:- INFO -:- bot.data.db -:- Функция выгрузки всех пользователей в БД
2022-08-04 15:04:03,053 -:- DEBUG -:- bot.handlers.admin -:- Запуск блокировки или разблокировки пользователя
2022-08-04 15:04:03,053 -:- INFO -:- bot.data.db -:- Функция блокирования пользователя
2022-08-04 15:04:06,274 -:- DEBUG -:- bot.handlers.user -:- Проверка на блокировку пользователя
2022-08-04 15:04:06,274 -:- INFO -:- bot.data.db -:- Функция проверки пользователя на наличие в БД
2022-08-04 15:04:06,275 -:- INFO -:- bot.data.db -:- Функция выгрузки всех пользователей в БД
2022-08-04 15:04:06,275 -:- INFO -:- bot.handlers.user -:- Пользователь заблокирован Vasiliy Turtugeshev
2022-08-04 15:04:07,780 -:- DEBUG -:- bot.handlers.admin -:- Проводится валидация администратора
2022-08-04 15:04:09,888 -:- DEBUG -:- bot.handlers.admin -:- Запуск блокирования пользователя
2022-08-04 15:04:11,639 -:- DEBUG -:- bot.handlers.admin -:- Проверяем наличие пользователя в БД
2022-08-04 15:04:11,640 -:- INFO -:- bot.data.db -:- Функция выгрузки всех пользователей в БД
2022-08-04 15:04:12,884 -:- DEBUG -:- bot.handlers.admin -:- Запуск блокировки или разблокировки пользователя
2022-08-04 15:04:12,884 -:- INFO -:- bot.data.db -:- Функция блокирования пользователя
2022-08-04 15:04:14,511 -:- DEBUG -:- bot.handlers.admin -:- Проводится валидация администратора
2022-08-04 15:06:16,811 -:- DEBUG -:- bot.handlers.user -:- Проверка на блокировку пользователя
2022-08-04 15:06:16,812 -:- INFO -:- bot.data.db -:- Функция проверки пользователя на наличие в БД
2022-08-04 15:06:16,812 -:- INFO -:- bot.data.db -:- Функция выгрузки всех пользователей в БД
2022-08-04 15:06:18,116 -:- DEBUG -:- bot.handlers.user -:- Запуск цепочки пополнения баланса
2022-08-04 15:06:19,742 -:- DEBUG -:- bot.handlers.user -:- Проверка на валидацию, и выставление счёта на оплату
2022-08-04 15:06:20,173 -:- INFO -:- bot.data.db -:- Функция добавления платежа в БД
2022-08-04 15:06:21,572 -:- DEBUG -:- bot.handlers.user -:- Запуск функции проверки оплаты
2022-08-04 15:06:21,572 -:- INFO -:- bot.data.db -:- Функция проверки платежа в БД
2022-08-04 15:06:21,704 -:- WARNING -:- bot.handlers.user -:- У пользователя 351490585 Vasiliy платёж не прошел!
2022-08-04 15:06:23,777 -:- DEBUG -:- bot.handlers.user -:- Запуск функции проверки оплаты
2022-08-04 15:06:23,777 -:- INFO -:- bot.data.db -:- Функция проверки платежа в БД
2022-08-04 15:06:23,903 -:- WARNING -:- bot.handlers.user -:- У пользователя 351490585 Vasiliy платёж не прошел!
2022-08-04 15:06:26,353 -:- INFO -:- bot.handlers.user -:- Пользователь 351490585 отменил пополнения баланса!
2022-08-04 15:06:27,804 -:- DEBUG -:- bot.handlers.user -:- Проверка на блокировку пользователя
2022-08-04 15:06:27,804 -:- INFO -:- bot.data.db -:- Функция проверки пользователя на наличие в БД
2022-08-04 15:06:27,805 -:- INFO -:- bot.data.db -:- Функция выгрузки всех пользователей в БД
2022-08-04 15:58:34,807 -:- DEBUG -:- bot.handlers.user -:- Проверка на блокировку пользователя
2022-08-04 15:58:34,807 -:- INFO -:- bot.data.db -:- Функция проверки пользователя на наличие в БД
2022-08-04 15:58:34,807 -:- INFO -:- bot.data.db -:- Функция выгрузки всех пользователей в БД
2022-08-04 15:58:55,817 -:- DEBUG -:- bot.handlers.admin -:- Проводится валидация администратора
2022-08-04 15:58:57,047 -:- DEBUG -:- bot.handlers.admin -:- Проверяем пользователей в БД
2022-08-04 15:58:57,048 -:- INFO -:- bot.data.db -:- Функция выгрузки всех пользователей в БД
2022-08-04 16:11:46,972 -:- DEBUG -:- bot.handlers.user -:- Проверка на блокировку пользователя
2022-08-04 16:11:46,972 -:- INFO -:- bot.data.db -:- Функция проверки пользователя на наличие в БД
2022-08-04 16:11:46,973 -:- INFO -:- bot.data.db -:- Функция добавления пользователя в БД
2022-08-04 16:11:46,974 -:- INFO -:- bot.data.db -:- Функция выгрузки всех пользователей в БД
2022-08-04 16:11:53,711 -:- DEBUG -:- bot.handlers.user -:- Запуск цепочки пополнения баланса
2022-08-04 16:11:57,853 -:- DEBUG -:- bot.handlers.user -:- Проверка на валидацию, и выставление счёта на оплату
2022-08-04 16:11:58,716 -:- INFO -:- bot.data.db -:- Функция добавления платежа в БД
2022-08-04 16:42:56,602 -:- DEBUG -:- bot.handlers.admin -:- Проводится валидация администратора
2022-08-04 16:42:58,490 -:- DEBUG -:- bot.handlers.admin -:- Проверяем пользователей в БД
2022-08-04 16:42:58,491 -:- INFO -:- bot.data.db -:- Функция выгрузки всех пользователей в БД
2022-08-04 16:43:09,300 -:- DEBUG -:- bot.handlers.user -:- Проверка на блокировку пользователя
2022-08-04 16:43:09,300 -:- INFO -:- bot.data.db -:- Функция проверки пользователя на наличие в БД
2022-08-04 16:43:09,300 -:- INFO -:- bot.data.db -:- Функция выгрузки всех пользователей в БД
2022-08-04 16:43:11,525 -:- DEBUG -:- bot.handlers.user -:- Запуск цепочки пополнения баланса
2022-08-04 16:43:14,101 -:- INFO -:- bot.handlers.user -:- Пользователь 351490585 отменил пополнения баланса!
2022-08-04 16:43:16,578 -:- DEBUG -:- bot.handlers.user -:- Проверка на блокировку пользователя
2022-08-04 16:43:16,578 -:- INFO -:- bot.data.db -:- Функция проверки пользователя на наличие в БД
2022-08-04 16:43:16,578 -:- INFO -:- bot.data.db -:- Функция выгрузки всех пользователей в БД
2022-08-04 16:43:27,358 -:- DEBUG -:- bot.handlers.user -:- Проверка на блокировку пользователя
2022-08-04 16:43:27,359 -:- INFO -:- bot.data.db -:- Функция проверки пользователя на наличие в БД
2022-08-04 16:43:27,359 -:- INFO -:- bot.data.db -:- Функция выгрузки всех пользователей в БД
2022-08-04 16:43:32,184 -:- DEBUG -:- bot.handlers.user -:- Запуск цепочки пополнения баланса
2022-08-04 16:43:37,814 -:- DEBUG -:- bot.handlers.user -:- Проверка на валидацию, и выставление счёта на оплату
2022-08-04 16:43:37,815 -:- INFO -:- bot.handlers.user -:- Не валидные данные! - В
2022-08-04 16:43:40,487 -:- DEBUG -:- bot.handlers.user -:- Проверка на валидацию, и выставление счёта на оплату
2022-08-04 16:43:40,901 -:- INFO -:- bot.data.db -:- Функция добавления платежа в БД
2022-08-04 16:43:43,231 -:- DEBUG -:- bot.handlers.user -:- Запуск функции проверки оплаты
2022-08-04 16:43:43,231 -:- INFO -:- bot.data.db -:- Функция проверки платежа в БД
2022-08-04 16:43:43,356 -:- WARNING -:- bot.handlers.user -:- У пользователя 351490585 Vasiliy платёж не прошел!
2022-08-04 16:43:47,177 -:- INFO -:- bot.handlers.user -:- Пользователь 351490585 отменил пополнения баланса!
2022-08-04 16:43:48,465 -:- DEBUG -:- bot.handlers.user -:- Проверка на блокировку пользователя
2022-08-04 16:43:48,465 -:- INFO -:- bot.data.db -:- Функция проверки пользователя на наличие в БД
2022-08-04 16:43:48,466 -:- INFO -:- bot.data.db -:- Функция выгрузки всех пользователей в БД
2022-08-04 16:44:06,157 -:- DEBUG -:- bot.handlers.admin -:- Проводится валидация администратора
2022-08-04 16:44:09,202 -:- DEBUG -:- bot.handlers.admin -:- Проверяем пользователей в БД
2022-08-04 16:44:09,202 -:- INFO -:- bot.data.db -:- Функция выгрузки всех пользователей в БД
2022-08-04 16:44:33,621 -:- DEBUG -:- bot.handlers.admin -:- Функция начала цепочки изменения баланса пользователя
2022-08-04 16:44:37,225 -:- DEBUG -:- bot.handlers.admin -:- Проверка валидности и наличие в БД
2022-08-04 16:44:37,225 -:- INFO -:- bot.data.db -:- Функция выгрузки всех пользователей в БД
2022-08-04 16:44:51,140 -:- DEBUG -:- bot.handlers.admin -:- Изменение количество денег в БД
2022-08-04 16:44:51,141 -:- INFO -:- bot.handlers.admin -:- Не валидные данные! - А
2022-08-04 16:44:55,885 -:- DEBUG -:- bot.handlers.admin -:- Изменение количество денег в БД
2022-08-04 16:44:55,885 -:- INFO -:- bot.data.db -:- Функция обновления баланса пользователя
2022-08-04 16:45:02,578 -:- DEBUG -:- bot.handlers.admin -:- Проводится валидация администратора
2022-08-04 16:45:04,813 -:- DEBUG -:- bot.handlers.admin -:- Проверяем пользователей в БД
2022-08-04 16:45:04,814 -:- INFO -:- bot.data.db -:- Функция выгрузки всех пользователей в БД
2022-08-04 16:45:30,229 -:- DEBUG -:- bot.handlers.admin -:- Проводится валидация администратора
2022-08-04 16:45:36,089 -:- DEBUG -:- bot.handlers.admin -:- Администратор запросил выгрузку логов
2022-08-04 19:20:44,270 -:- DEBUG -:- bot.handlers.user -:- Проверка на блокировку пользователя
2022-08-04 19:20:44,271 -:- INFO -:- bot.data.db -:- Функция проверки пользователя на наличие в БД
2022-08-04 19:20:44,273 -:- INFO -:- bot.data.db -:- Функция выгрузки всех пользователей в БД
2022-08-04 19:20:46,255 -:- DEBUG -:- bot.handlers.admin -:- Проводится валидация администратора
2022-08-04 19:20:47,570 -:- DEBUG -:- bot.handlers.admin -:- Проверяем пользователей в БД
2022-08-04 19:20:47,570 -:- INFO -:- bot.data.db -:- Функция выгрузки всех пользователей в БД
2022-08-04 19:21:14,846 -:- DEBUG -:- bot.handlers.user -:- Проверка на блокировку пользователя
2022-08-04 19:21:14,847 -:- INFO -:- bot.data.db -:- Функция проверки пользователя на наличие в БД
2022-08-04 19:21:14,847 -:- INFO -:- bot.data.db -:- Функция добавления пользователя в БД
2022-08-04 19:21:14,848 -:- INFO -:- bot.data.db -:- Функция выгрузки всех пользователей в БД
2022-08-04 19:21:21,641 -:- DEBUG -:- bot.handlers.user -:- Запуск цепочки пополнения баланса
2022-08-04 19:21:28,818 -:- DEBUG -:- bot.handlers.user -:- Проверка на валидацию, и выставление счёта на оплату
2022-08-04 19:21:29,341 -:- INFO -:- bot.data.db -:- Функция добавления платежа в БД
2022-08-04 19:22:31,136 -:- DEBUG -:- bot.handlers.admin -:- Проверяем пользователей в БД
2022-08-04 19:22:31,136 -:- INFO -:- bot.data.db -:- Функция выгрузки всех пользователей в БД
2022-08-04 19:23:51,768 -:- DEBUG -:- bot.handlers.user -:- Проверка на блокировку пользователя
2022-08-04 19:23:51,768 -:- INFO -:- bot.data.db -:- Функция проверки пользователя на наличие в БД
2022-08-04 19:23:51,768 -:- INFO -:- bot.data.db -:- Функция выгрузки всех пользователей в БД
2022-08-04 19:23:55,919 -:- DEBUG -:- bot.handlers.user -:- Запуск цепочки пополнения баланса
2022-08-04 19:23:58,315 -:- INFO -:- bot.handlers.user -:- Пользователь 351490585 отменил пополнения баланса!
2022-08-04 19:24:00,054 -:- DEBUG -:- bot.handlers.user -:- Проверка на блокировку пользователя
2022-08-04 19:24:00,054 -:- INFO -:- bot.data.db -:- Функция проверки пользователя на наличие в БД
2022-08-04 19:24:00,055 -:- INFO -:- bot.data.db -:- Функция выгрузки всех пользователей в БД
2022-08-04 20:42:46,329 -:- DEBUG -:- bot.handlers.user -:- Проверка на блокировку пользователя
2022-08-04 20:42:46,329 -:- INFO -:- bot.data.db -:- Функция проверки пользователя на наличие в БД
2022-08-04 20:42:46,330 -:- INFO -:- bot.data.db -:- Функция выгрузки всех пользователей в БД
2022-08-04 20:42:48,715 -:- DEBUG -:- bot.handlers.user -:- Запуск цепочки пополнения баланса
2022-08-04 20:42:51,821 -:- DEBUG -:- bot.handlers.user -:- Проверка на валидацию, и выставление счёта на оплату
2022-08-04 20:42:51,822 -:- INFO -:- bot.handlers.user -:- Не валидные данные! - /admin
2022-08-04 20:42:54,801 -:- INFO -:- bot.handlers.user -:- Пользователь 351490585 отменил пополнения баланса!
2022-08-04 20:42:57,174 -:- DEBUG -:- bot.handlers.admin -:- Проводится валидация администратора
2022-08-04 20:42:58,823 -:- DEBUG -:- bot.handlers.admin -:- Проверяем пользователей в БД
2022-08-04 20:42:58,823 -:- INFO -:- bot.data.db -:- Функция выгрузки всех пользователей в БД
2022-08-04 20:46:43,634 -:- DEBUG -:- bot.handlers.user -:- Проверка на блокировку пользователя
2022-08-04 20:46:43,634 -:- INFO -:- bot.data.db -:- Функция проверки пользователя на наличие в БД
2022-08-04 20:46:43,635 -:- INFO -:- bot.data.db -:- Функция выгрузки всех пользователей в БД
2022-08-04 20:46:44,756 -:- DEBUG -:- bot.handlers.user -:- Запуск цепочки пополнения баланса
2022-08-04 20:46:47,507 -:- DEBUG -:- bot.handlers.user -:- Проверка на валидацию, и выставление счёта на оплату
2022-08-04 20:46:49,009 -:- INFO -:- bot.data.db -:- Функция добавления платежа в БД
2022-08-04 22:28:39,440 -:- DEBUG -:- bot.handlers.user -:- Проверка на валидацию, и выставление счёта на оплату
2022-08-04 22:28:39,441 -:- INFO -:- bot.handlers.user -:- Не валидные данные! - /start
2022-08-04 22:28:43,999 -:- DEBUG -:- bot.handlers.user -:- Проверка на валидацию, и выставление счёта на оплату
2022-08-04 22:28:44,000 -:- INFO -:- bot.handlers.user -:- Не валидные данные! - /admin
2022-08-04 22:28:48,489 -:- INFO -:- bot.handlers.user -:- Пользователь 351490585 отменил пополнения баланса!
2022-08-04 22:28:50,403 -:- DEBUG -:- bot.handlers.user -:- Проверка на блокировку пользователя
2022-08-04 22:28:50,403 -:- INFO -:- bot.data.db -:- Функция проверки пользователя на наличие в БД
2022-08-04 22:28:50,404 -:- INFO -:- bot.data.db -:- Функция выгрузки всех пользователей в БД
2022-08-04 22:28:57,352 -:- DEBUG -:- bot.handlers.user -:- Запуск цепочки пополнения баланса
2022-08-04 22:29:01,310 -:- DEBUG -:- bot.handlers.user -:- Проверка на валидацию, и выставление счёта на оплату
2022-08-04 22:29:01,807 -:- INFO -:- bot.data.db -:- Функция добавления платежа в БД
2022-08-04 22:29:03,611 -:- DEBUG -:- bot.handlers.user -:- Проверка на валидацию, и выставление счёта на оплату
2022-08-04 22:29:03,612 -:- INFO -:- bot.handlers.user -:- Не валидные данные! - Рр
2022-08-04 22:29:06,825 -:- DEBUG -:- bot.handlers.user -:- Проверка на валидацию, и выставление счёта на оплату
2022-08-04 22:29:07,489 -:- INFO -:- bot.data.db -:- Функция добавления платежа в БД
2022-08-04 22:29:20,558 -:- DEBUG -:- bot.handlers.user -:- Запуск функции проверки оплаты
2022-08-04 22:29:20,558 -:- INFO -:- bot.data.db -:- Функция проверки платежа в БД
2022-08-04 22:29:20,931 -:- WARNING -:- bot.handlers.user -:- У пользователя 351490585 Vasiliy платёж не прошел!
2022-08-04 22:29:23,005 -:- INFO -:- bot.handlers.user -:- Пользователь 351490585 отменил пополнения баланса!
2022-08-04 22:29:24,672 -:- DEBUG -:- bot.handlers.user -:- Проверка на блокировку пользователя
2022-08-04 22:29:24,672 -:- INFO -:- bot.data.db -:- Функция проверки пользователя на наличие в БД
2022-08-04 22:29:24,672 -:- INFO -:- bot.data.db -:- Функция выгрузки всех пользователей в БД
2022-08-04 22:29:28,591 -:- DEBUG -:- bot.handlers.admin -:- Проводится валидация администратора
2022-08-04 22:29:30,210 -:- DEBUG -:- bot.handlers.admin -:- Проверяем пользователей в БД
2022-08-04 22:29:30,210 -:- INFO -:- bot.data.db -:- Функция выгрузки всех пользователей в БД
2022-08-04 22:29:41,446 -:- DEBUG -:- bot.handlers.admin -:- Проводится валидация администратора
2022-08-05 00:14:04,435 -:- DEBUG -:- bot.handlers.user -:- Проверка на блокировку пользователя
2022-08-05 00:14:04,436 -:- INFO -:- bot.data.db -:- Функция проверки пользователя на наличие в БД
2022-08-05 00:14:04,438 -:- INFO -:- bot.data.db -:- Функция выгрузки всех пользователей в БД
2022-08-05 00:14:06,290 -:- DEBUG -:- bot.handlers.user -:- Запуск цепочки пополнения баланса
2022-08-05 00:14:07,967 -:- INFO -:- bot.handlers.user -:- Пользователь 351490585 отменил пополнения баланса!
2022-08-05 00:14:09,775 -:- DEBUG -:- bot.handlers.admin -:- Проводится валидация администратора
2022-08-05 00:14:11,129 -:- DEBUG -:- bot.handlers.admin -:- Проверяем пользователей в БД
2022-08-05 00:14:11,129 -:- INFO -:- bot.data.db -:- Функция выгрузки всех пользователей в БД
